{
  "stats": {
    "suites": 1,
    "tests": 1,
    "passes": 0,
    "pending": 0,
    "failures": 1,
    "start": "2025-03-12T12:54:00.819Z",
    "end": "2025-03-12T12:54:05.892Z",
    "duration": 5073,
    "testsRegistered": 1,
    "passPercent": 0,
    "pendingPercent": 0,
    "other": 0,
    "hasOther": false,
    "skipped": 0,
    "hasSkipped": false
  },
  "results": [
    {
      "uuid": "8b392fd4-990e-4bfe-a813-6a1fe069c12b",
      "title": "",
      "fullFile": "cypress\\e2e\\UI\\authentication\\logout.spec.js",
      "file": "cypress\\e2e\\UI\\authentication\\logout.spec.js",
      "beforeHooks": [],
      "afterHooks": [],
      "tests": [],
      "suites": [
        {
          "uuid": "4abd14ed-c7d7-4731-b98f-1e5be803ec25",
          "title": "Logout Tests",
          "fullFile": "",
          "file": "",
          "beforeHooks": [],
          "afterHooks": [],
          "tests": [
            {
              "title": "Successful logout",
              "fullTitle": "Logout Tests Successful logout",
              "timedOut": null,
              "duration": 5045,
              "state": "failed",
              "speed": null,
              "pass": false,
              "fail": true,
              "pending": false,
              "context": null,
              "code": "cy.login(Cypress.env(\"CYPRESS_email\"), Cypress.env(\"CYPRESS_password\"));\ncy.loginConfirmation();\n//to be reviewed: hidden element interaction\ncy.get('.profile', {\n  timeout: 10000\n}).should('be.visible').trigger('mouseover');\ncy.contains('button', 'Logout').click({\n  force: true\n});\n//confirm logout successful\ncy.logoutConfirmation();",
              "err": {
                "message": "CypressError: `cy.type()` can only accept a string or number. You passed in: `undefined`\n\nhttps://on.cypress.io/type",
                "estack": "CypressError: `cy.type()` can only accept a string or number. You passed in: `undefined`\n\nhttps://on.cypress.io/type\n    at Context.type (https://wave-trial.getbynder.com/__cypress/runner/cypress_runner.js:114388:68)\n    at wrapped (https://wave-trial.getbynder.com/__cypress/runner/cypress_runner.js:138835:19)\n    at <unknown> (https://wave-trial.getbynder.com/__cypress/runner/cypress_runner.js:144762:15)\n    at tryCatcher (https://wave-trial.getbynder.com/__cypress/runner/cypress_runner.js:1777:23)\n    at Promise._settlePromiseFromHandler (https://wave-trial.getbynder.com/__cypress/runner/cypress_runner.js:1489:31)\n    at Promise._settlePromise (https://wave-trial.getbynder.com/__cypress/runner/cypress_runner.js:1546:18)\n    at Promise._settlePromiseCtx (https://wave-trial.getbynder.com/__cypress/runner/cypress_runner.js:1583:10)\n    at _drainQueueStep (https://wave-trial.getbynder.com/__cypress/runner/cypress_runner.js:2381:12)\n    at _drainQueue (https://wave-trial.getbynder.com/__cypress/runner/cypress_runner.js:2370:9)\n    at Async._drainQueues (https://wave-trial.getbynder.com/__cypress/runner/cypress_runner.js:2386:5)\n    at Async.drainQueues (https://wave-trial.getbynder.com/__cypress/runner/cypress_runner.js:2256:14)",
                "diff": null
              },
              "uuid": "14f58c0d-3bce-44a5-9f02-9ac9f293f038",
              "parentUUID": "4abd14ed-c7d7-4731-b98f-1e5be803ec25",
              "isHook": false,
              "skipped": false
            }
          ],
          "suites": [],
          "passes": [],
          "failures": [
            "14f58c0d-3bce-44a5-9f02-9ac9f293f038"
          ],
          "pending": [],
          "skipped": [],
          "duration": 5045,
          "root": false,
          "rootEmpty": false,
          "_timeout": 2000
        }
      ],
      "passes": [],
      "failures": [],
      "pending": [],
      "skipped": [],
      "duration": 0,
      "root": true,
      "rootEmpty": true,
      "_timeout": 2000
    }
  ],
  "meta": {
    "mocha": {
      "version": "7.0.1"
    },
    "mochawesome": {
      "options": {
        "quiet": false,
        "reportFilename": "mochawesome",
        "saveHtml": true,
        "saveJson": true,
        "consoleReporter": "spec",
        "useInlineDiffs": false,
        "code": true
      },
      "version": "7.1.3"
    },
    "marge": {
      "options": {
        "reportDir": "cypress/reports",
        "overwrite": false,
        "html": true,
        "json": true
      },
      "version": "6.2.0"
    }
  }
}