{
  "stats": {
    "suites": 1,
    "tests": 5,
    "passes": 2,
    "pending": 0,
    "failures": 3,
    "start": "2025-03-12T12:44:43.011Z",
    "end": "2025-03-12T12:45:12.239Z",
    "duration": 29228,
    "testsRegistered": 5,
    "passPercent": 40,
    "pendingPercent": 0,
    "other": 0,
    "hasOther": false,
    "skipped": 0,
    "hasSkipped": false
  },
  "results": [
    {
      "uuid": "2de0609b-ce0e-4b2b-a319-fab879dc506f",
      "title": "",
      "fullFile": "cypress\\e2e\\UI\\authentication\\login.spec.js",
      "file": "cypress\\e2e\\UI\\authentication\\login.spec.js",
      "beforeHooks": [],
      "afterHooks": [],
      "tests": [],
      "suites": [
        {
          "uuid": "20088ae0-b414-4c84-86c6-2bef396f4335",
          "title": "Login Tests",
          "fullFile": "",
          "file": "",
          "beforeHooks": [],
          "afterHooks": [],
          "tests": [
            {
              "title": "Successful login using valid credentials",
              "fullTitle": "Login Tests Successful login using valid credentials",
              "timedOut": null,
              "duration": 5734,
              "state": "failed",
              "speed": null,
              "pass": false,
              "fail": true,
              "pending": false,
              "context": null,
              "code": "cy.log(Cypress.env(\"CYPRESS_email\"));\ncy.log(Cypress.env(\"CYPRESS_password\"));\ncy.login(Cypress.env(\"CYPRESS_email\"), Cypress.env(\"CYPRESS_password\"));\ncy.loginConfirmation();",
              "err": {
                "message": "CypressError: `cy.type()` can only accept a string or number. You passed in: `undefined`\n\nhttps://on.cypress.io/type",
                "estack": "CypressError: `cy.type()` can only accept a string or number. You passed in: `undefined`\n\nhttps://on.cypress.io/type\n    at Context.type (https://wave-trial.getbynder.com/__cypress/runner/cypress_runner.js:114388:68)\n    at wrapped (https://wave-trial.getbynder.com/__cypress/runner/cypress_runner.js:138835:19)\n    at <unknown> (https://wave-trial.getbynder.com/__cypress/runner/cypress_runner.js:144762:15)\n    at tryCatcher (https://wave-trial.getbynder.com/__cypress/runner/cypress_runner.js:1777:23)\n    at Promise._settlePromiseFromHandler (https://wave-trial.getbynder.com/__cypress/runner/cypress_runner.js:1489:31)\n    at Promise._settlePromise (https://wave-trial.getbynder.com/__cypress/runner/cypress_runner.js:1546:18)\n    at Promise._settlePromiseCtx (https://wave-trial.getbynder.com/__cypress/runner/cypress_runner.js:1583:10)\n    at _drainQueueStep (https://wave-trial.getbynder.com/__cypress/runner/cypress_runner.js:2381:12)\n    at _drainQueue (https://wave-trial.getbynder.com/__cypress/runner/cypress_runner.js:2370:9)\n    at Async._drainQueues (https://wave-trial.getbynder.com/__cypress/runner/cypress_runner.js:2386:5)\n    at Async.drainQueues (https://wave-trial.getbynder.com/__cypress/runner/cypress_runner.js:2256:14)",
                "diff": null
              },
              "uuid": "bba84d14-a458-4a08-8758-cc022accb570",
              "parentUUID": "20088ae0-b414-4c84-86c6-2bef396f4335",
              "isHook": false,
              "skipped": false
            },
            {
              "title": "Unsuccessful login using valid email and invalid password",
              "fullTitle": "Login Tests Unsuccessful login using valid email and invalid password",
              "timedOut": null,
              "duration": 4457,
              "state": "failed",
              "speed": null,
              "pass": false,
              "fail": true,
              "pending": false,
              "context": null,
              "code": "cy.login(Cypress.env(\"CYPRESS_email\"), 'wrongpassword');\ncy.confirmErrorNotification(\"You have entered an incorrect username or password.\");",
              "err": {
                "message": "CypressError: `cy.type()` can only accept a string or number. You passed in: `undefined`\n\nhttps://on.cypress.io/type",
                "estack": "CypressError: `cy.type()` can only accept a string or number. You passed in: `undefined`\n\nhttps://on.cypress.io/type\n    at Context.type (https://wave-trial.getbynder.com/__cypress/runner/cypress_runner.js:114388:68)\n    at wrapped (https://wave-trial.getbynder.com/__cypress/runner/cypress_runner.js:138835:19)\n    at <unknown> (https://wave-trial.getbynder.com/__cypress/runner/cypress_runner.js:144762:15)\n    at tryCatcher (https://wave-trial.getbynder.com/__cypress/runner/cypress_runner.js:1777:23)\n    at Promise._settlePromiseFromHandler (https://wave-trial.getbynder.com/__cypress/runner/cypress_runner.js:1489:31)\n    at Promise._settlePromise (https://wave-trial.getbynder.com/__cypress/runner/cypress_runner.js:1546:18)\n    at Promise._settlePromiseCtx (https://wave-trial.getbynder.com/__cypress/runner/cypress_runner.js:1583:10)\n    at _drainQueueStep (https://wave-trial.getbynder.com/__cypress/runner/cypress_runner.js:2381:12)\n    at _drainQueue (https://wave-trial.getbynder.com/__cypress/runner/cypress_runner.js:2370:9)\n    at Async._drainQueues (https://wave-trial.getbynder.com/__cypress/runner/cypress_runner.js:2386:5)\n    at Async.drainQueues (https://wave-trial.getbynder.com/__cypress/runner/cypress_runner.js:2256:14)",
                "diff": null
              },
              "uuid": "9cb1246c-ad53-485f-b982-bde38cdc0370",
              "parentUUID": "20088ae0-b414-4c84-86c6-2bef396f4335",
              "isHook": false,
              "skipped": false
            },
            {
              "title": "Unsuccessful login using invalid email and password",
              "fullTitle": "Login Tests Unsuccessful login using invalid email and password",
              "timedOut": null,
              "duration": 8225,
              "state": "passed",
              "speed": "medium",
              "pass": true,
              "fail": false,
              "pending": false,
              "context": null,
              "code": "const randomEmail = 'user' + Math.floor(Math.random() * 10000) + '@example.com';\ncy.login(randomEmail, 'wrongpassword');\ncy.confirmErrorNotification(\"You have entered an incorrect username or password.\");",
              "err": {},
              "uuid": "48d82f13-3d65-4f00-9a0e-698663fe5c38",
              "parentUUID": "20088ae0-b414-4c84-86c6-2bef396f4335",
              "isHook": false,
              "skipped": false
            },
            {
              "title": "Unsuccessful login with empty email",
              "fullTitle": "Login Tests Unsuccessful login with empty email",
              "timedOut": null,
              "duration": 5277,
              "state": "failed",
              "speed": null,
              "pass": false,
              "fail": true,
              "pending": false,
              "context": null,
              "code": "cy.get('#inputEmail').should('have.value', ''); // Verified that the field is empty\ncy.get('#inputPassword').type(Cypress.env(\"CYPRESS_password\"));\ncy.get('.login-btn').click();\n//verifies that both email and password are cleared (but no error message is returned)\ncy.get('#inputEmail').should('have.value', '');\ncy.get('#inputPassword').should('have.value', '');",
              "err": {
                "message": "CypressError: `cy.type()` can only accept a string or number. You passed in: `undefined`\n\nhttps://on.cypress.io/type",
                "estack": "CypressError: `cy.type()` can only accept a string or number. You passed in: `undefined`\n\nhttps://on.cypress.io/type\n    at Context.type (https://wave-trial.getbynder.com/__cypress/runner/cypress_runner.js:114388:68)\n    at wrapped (https://wave-trial.getbynder.com/__cypress/runner/cypress_runner.js:138835:19)\n    at <unknown> (https://wave-trial.getbynder.com/__cypress/runner/cypress_runner.js:144762:15)\n    at tryCatcher (https://wave-trial.getbynder.com/__cypress/runner/cypress_runner.js:1777:23)\n    at Promise._settlePromiseFromHandler (https://wave-trial.getbynder.com/__cypress/runner/cypress_runner.js:1489:31)\n    at Promise._settlePromise (https://wave-trial.getbynder.com/__cypress/runner/cypress_runner.js:1546:18)\n    at Promise._settlePromiseCtx (https://wave-trial.getbynder.com/__cypress/runner/cypress_runner.js:1583:10)\n    at _drainQueueStep (https://wave-trial.getbynder.com/__cypress/runner/cypress_runner.js:2381:12)\n    at _drainQueue (https://wave-trial.getbynder.com/__cypress/runner/cypress_runner.js:2370:9)\n    at Async._drainQueues (https://wave-trial.getbynder.com/__cypress/runner/cypress_runner.js:2386:5)\n    at Async.drainQueues (https://wave-trial.getbynder.com/__cypress/runner/cypress_runner.js:2256:14)",
                "diff": null
              },
              "uuid": "45bcd8ff-0c59-4d1e-ba65-b72ce3de3eb0",
              "parentUUID": "20088ae0-b414-4c84-86c6-2bef396f4335",
              "isHook": false,
              "skipped": false
            },
            {
              "title": "Unsuccessful login with empty password",
              "fullTitle": "Login Tests Unsuccessful login with empty password",
              "timedOut": null,
              "duration": 5331,
              "state": "passed",
              "speed": "medium",
              "pass": true,
              "fail": false,
              "pending": false,
              "context": null,
              "code": "cy.get('#inputEmail').type(Cypress.env(\"email\"));\ncy.get('#inputPassword').should('have.value', '');\ncy.get('.login-btn').click();\n//verifies that both email and password are cleared (but no error message is returned)\ncy.get('#inputEmail').should('have.value', '');\ncy.get('#inputPassword').should('have.value', '');",
              "err": {},
              "uuid": "a91ec6a4-c3f5-4e31-8869-0fc3f9a31c6e",
              "parentUUID": "20088ae0-b414-4c84-86c6-2bef396f4335",
              "isHook": false,
              "skipped": false
            }
          ],
          "suites": [],
          "passes": [
            "48d82f13-3d65-4f00-9a0e-698663fe5c38",
            "a91ec6a4-c3f5-4e31-8869-0fc3f9a31c6e"
          ],
          "failures": [
            "bba84d14-a458-4a08-8758-cc022accb570",
            "9cb1246c-ad53-485f-b982-bde38cdc0370",
            "45bcd8ff-0c59-4d1e-ba65-b72ce3de3eb0"
          ],
          "pending": [],
          "skipped": [],
          "duration": 29024,
          "root": false,
          "rootEmpty": false,
          "_timeout": 2000
        }
      ],
      "passes": [],
      "failures": [],
      "pending": [],
      "skipped": [],
      "duration": 0,
      "root": true,
      "rootEmpty": true,
      "_timeout": 2000
    }
  ],
  "meta": {
    "mocha": {
      "version": "7.0.1"
    },
    "mochawesome": {
      "options": {
        "quiet": false,
        "reportFilename": "mochawesome",
        "saveHtml": true,
        "saveJson": true,
        "consoleReporter": "spec",
        "useInlineDiffs": false,
        "code": true
      },
      "version": "7.1.3"
    },
    "marge": {
      "options": {
        "reportDir": "cypress/reports",
        "overwrite": false,
        "html": true,
        "json": true
      },
      "version": "6.2.0"
    }
  }
}