{
  "stats": {
    "suites": 1,
    "tests": 5,
    "passes": 5,
    "pending": 0,
    "failures": 0,
    "start": "2025-03-12T13:17:02.703Z",
    "end": "2025-03-12T13:17:38.928Z",
    "duration": 36225,
    "testsRegistered": 5,
    "passPercent": 100,
    "pendingPercent": 0,
    "other": 0,
    "hasOther": false,
    "skipped": 0,
    "hasSkipped": false
  },
  "results": [
    {
      "uuid": "40b58bce-44b1-419f-ba47-c6e024500585",
      "title": "",
      "fullFile": "cypress\\e2e\\UI\\authentication\\login.spec.js",
      "file": "cypress\\e2e\\UI\\authentication\\login.spec.js",
      "beforeHooks": [],
      "afterHooks": [],
      "tests": [],
      "suites": [
        {
          "uuid": "5150e265-95c3-4611-bbef-5a2eaea2e490",
          "title": "Login Tests",
          "fullFile": "",
          "file": "",
          "beforeHooks": [],
          "afterHooks": [],
          "tests": [
            {
              "title": "Successful login using valid credentials",
              "fullTitle": "Login Tests Successful login using valid credentials",
              "timedOut": null,
              "duration": 7885,
              "state": "passed",
              "speed": "medium",
              "pass": true,
              "fail": false,
              "pending": false,
              "context": null,
              "code": "cy.login(Cypress.env(\"email\"), Cypress.env(\"password\"));\ncy.loginConfirmation();",
              "err": {},
              "uuid": "73500acf-50ab-4b89-b03e-799a2c78b36d",
              "parentUUID": "5150e265-95c3-4611-bbef-5a2eaea2e490",
              "isHook": false,
              "skipped": false
            },
            {
              "title": "Unsuccessful login using valid email and invalid password",
              "fullTitle": "Login Tests Unsuccessful login using valid email and invalid password",
              "timedOut": null,
              "duration": 8799,
              "state": "passed",
              "speed": "medium",
              "pass": true,
              "fail": false,
              "pending": false,
              "context": null,
              "code": "cy.login(Cypress.env(\"email\"), 'wrongpassword');\ncy.confirmErrorNotification(\"You have entered an incorrect username or password.\");",
              "err": {},
              "uuid": "0f78077a-a125-4b3c-a1b8-90a3cd940859",
              "parentUUID": "5150e265-95c3-4611-bbef-5a2eaea2e490",
              "isHook": false,
              "skipped": false
            },
            {
              "title": "Unsuccessful login using invalid email and password",
              "fullTitle": "Login Tests Unsuccessful login using invalid email and password",
              "timedOut": null,
              "duration": 8056,
              "state": "passed",
              "speed": "medium",
              "pass": true,
              "fail": false,
              "pending": false,
              "context": null,
              "code": "const randomEmail = 'user' + Math.floor(Math.random() * 10000) + '@example.com';\ncy.login(randomEmail, 'wrongpassword');\ncy.confirmErrorNotification(\"You have entered an incorrect username or password.\");",
              "err": {},
              "uuid": "30052748-1206-4f95-ae40-c233e3644f70",
              "parentUUID": "5150e265-95c3-4611-bbef-5a2eaea2e490",
              "isHook": false,
              "skipped": false
            },
            {
              "title": "Unsuccessful login with empty email",
              "fullTitle": "Login Tests Unsuccessful login with empty email",
              "timedOut": null,
              "duration": 6664,
              "state": "passed",
              "speed": "medium",
              "pass": true,
              "fail": false,
              "pending": false,
              "context": null,
              "code": "cy.get('#inputEmail').should('have.value', ''); // Verified that the field is empty\ncy.get('#inputPassword').type(Cypress.env(\"password\"));\ncy.get('.login-btn').click();\n//verifies that both email and password are cleared (but no error message is returned)\ncy.get('#inputEmail').should('have.value', '');\ncy.get('#inputPassword').should('have.value', '');",
              "err": {},
              "uuid": "c8225e99-e7a4-4b6c-a3b6-3ba5e7740e67",
              "parentUUID": "5150e265-95c3-4611-bbef-5a2eaea2e490",
              "isHook": false,
              "skipped": false
            },
            {
              "title": "Unsuccessful login with empty password",
              "fullTitle": "Login Tests Unsuccessful login with empty password",
              "timedOut": null,
              "duration": 4564,
              "state": "passed",
              "speed": "fast",
              "pass": true,
              "fail": false,
              "pending": false,
              "context": null,
              "code": "cy.get('#inputEmail').type(Cypress.env(\"email\"));\ncy.get('#inputPassword').should('have.value', '');\ncy.get('.login-btn').click();\n//verifies that both email and password are cleared (but no error message is returned)\ncy.get('#inputEmail').should('have.value', '');\ncy.get('#inputPassword').should('have.value', '');",
              "err": {},
              "uuid": "4c425b11-dba5-4121-aefa-4b272fe8e27f",
              "parentUUID": "5150e265-95c3-4611-bbef-5a2eaea2e490",
              "isHook": false,
              "skipped": false
            }
          ],
          "suites": [],
          "passes": [
            "73500acf-50ab-4b89-b03e-799a2c78b36d",
            "0f78077a-a125-4b3c-a1b8-90a3cd940859",
            "30052748-1206-4f95-ae40-c233e3644f70",
            "c8225e99-e7a4-4b6c-a3b6-3ba5e7740e67",
            "4c425b11-dba5-4121-aefa-4b272fe8e27f"
          ],
          "failures": [],
          "pending": [],
          "skipped": [],
          "duration": 35968,
          "root": false,
          "rootEmpty": false,
          "_timeout": 2000
        }
      ],
      "passes": [],
      "failures": [],
      "pending": [],
      "skipped": [],
      "duration": 0,
      "root": true,
      "rootEmpty": true,
      "_timeout": 2000
    }
  ],
  "meta": {
    "mocha": {
      "version": "7.0.1"
    },
    "mochawesome": {
      "options": {
        "quiet": false,
        "reportFilename": "mochawesome",
        "saveHtml": true,
        "saveJson": true,
        "consoleReporter": "spec",
        "useInlineDiffs": false,
        "code": true
      },
      "version": "7.1.3"
    },
    "marge": {
      "options": {
        "reportDir": "cypress/reports",
        "overwrite": false,
        "html": true,
        "json": true
      },
      "version": "6.2.0"
    }
  }
}