{
  "stats": {
    "suites": 1,
    "tests": 5,
    "passes": 1,
    "pending": 0,
    "failures": 4,
    "start": "2025-03-12T13:12:50.242Z",
    "end": "2025-03-12T13:13:16.723Z",
    "duration": 26481,
    "testsRegistered": 5,
    "passPercent": 20,
    "pendingPercent": 0,
    "other": 0,
    "hasOther": false,
    "skipped": 0,
    "hasSkipped": false
  },
  "results": [
    {
      "uuid": "7709cc87-f06b-467c-80d2-3ad53b98fac0",
      "title": "",
      "fullFile": "cypress\\e2e\\UI\\authentication\\login.spec.js",
      "file": "cypress\\e2e\\UI\\authentication\\login.spec.js",
      "beforeHooks": [],
      "afterHooks": [],
      "tests": [],
      "suites": [
        {
          "uuid": "7f7de31b-04da-4fbe-81ac-b2e459dc0a7d",
          "title": "Login Tests",
          "fullFile": "",
          "file": "",
          "beforeHooks": [],
          "afterHooks": [],
          "tests": [
            {
              "title": "Successful login using valid credentials",
              "fullTitle": "Login Tests Successful login using valid credentials",
              "timedOut": null,
              "duration": 4882,
              "state": "failed",
              "speed": null,
              "pass": false,
              "fail": true,
              "pending": false,
              "context": null,
              "code": "cy.login(Cypress.env(\"email\"), Cypress.env(\"password\"));\ncy.loginConfirmation();",
              "err": {
                "message": "CypressError: `cy.type()` can only accept a string or number. You passed in: `undefined`\n\nhttps://on.cypress.io/type",
                "estack": "CypressError: `cy.type()` can only accept a string or number. You passed in: `undefined`\n\nhttps://on.cypress.io/type\n    at Context.type (https://wave-trial.getbynder.com/__cypress/runner/cypress_runner.js:114388:68)\n    at wrapped (https://wave-trial.getbynder.com/__cypress/runner/cypress_runner.js:138835:19)\n    at <unknown> (https://wave-trial.getbynder.com/__cypress/runner/cypress_runner.js:144762:15)\n    at tryCatcher (https://wave-trial.getbynder.com/__cypress/runner/cypress_runner.js:1777:23)\n    at Promise._settlePromiseFromHandler (https://wave-trial.getbynder.com/__cypress/runner/cypress_runner.js:1489:31)\n    at Promise._settlePromise (https://wave-trial.getbynder.com/__cypress/runner/cypress_runner.js:1546:18)\n    at Promise._settlePromiseCtx (https://wave-trial.getbynder.com/__cypress/runner/cypress_runner.js:1583:10)\n    at _drainQueueStep (https://wave-trial.getbynder.com/__cypress/runner/cypress_runner.js:2381:12)\n    at _drainQueue (https://wave-trial.getbynder.com/__cypress/runner/cypress_runner.js:2370:9)\n    at Async._drainQueues (https://wave-trial.getbynder.com/__cypress/runner/cypress_runner.js:2386:5)\n    at Async.drainQueues (https://wave-trial.getbynder.com/__cypress/runner/cypress_runner.js:2256:14)",
                "diff": null
              },
              "uuid": "a818f837-6b95-4965-b209-bf178052ab98",
              "parentUUID": "7f7de31b-04da-4fbe-81ac-b2e459dc0a7d",
              "isHook": false,
              "skipped": false
            },
            {
              "title": "Unsuccessful login using valid email and invalid password",
              "fullTitle": "Login Tests Unsuccessful login using valid email and invalid password",
              "timedOut": null,
              "duration": 4443,
              "state": "failed",
              "speed": null,
              "pass": false,
              "fail": true,
              "pending": false,
              "context": null,
              "code": "cy.login(Cypress.env(\"email\"), 'wrongpassword');\ncy.confirmErrorNotification(\"You have entered an incorrect username or password.\");",
              "err": {
                "message": "CypressError: `cy.type()` can only accept a string or number. You passed in: `undefined`\n\nhttps://on.cypress.io/type",
                "estack": "CypressError: `cy.type()` can only accept a string or number. You passed in: `undefined`\n\nhttps://on.cypress.io/type\n    at Context.type (https://wave-trial.getbynder.com/__cypress/runner/cypress_runner.js:114388:68)\n    at wrapped (https://wave-trial.getbynder.com/__cypress/runner/cypress_runner.js:138835:19)\n    at <unknown> (https://wave-trial.getbynder.com/__cypress/runner/cypress_runner.js:144762:15)\n    at tryCatcher (https://wave-trial.getbynder.com/__cypress/runner/cypress_runner.js:1777:23)\n    at Promise._settlePromiseFromHandler (https://wave-trial.getbynder.com/__cypress/runner/cypress_runner.js:1489:31)\n    at Promise._settlePromise (https://wave-trial.getbynder.com/__cypress/runner/cypress_runner.js:1546:18)\n    at Promise._settlePromiseCtx (https://wave-trial.getbynder.com/__cypress/runner/cypress_runner.js:1583:10)\n    at _drainQueueStep (https://wave-trial.getbynder.com/__cypress/runner/cypress_runner.js:2381:12)\n    at _drainQueue (https://wave-trial.getbynder.com/__cypress/runner/cypress_runner.js:2370:9)\n    at Async._drainQueues (https://wave-trial.getbynder.com/__cypress/runner/cypress_runner.js:2386:5)\n    at Async.drainQueues (https://wave-trial.getbynder.com/__cypress/runner/cypress_runner.js:2256:14)",
                "diff": null
              },
              "uuid": "96cb75a3-0a51-43c6-873a-b486d959eaeb",
              "parentUUID": "7f7de31b-04da-4fbe-81ac-b2e459dc0a7d",
              "isHook": false,
              "skipped": false
            },
            {
              "title": "Unsuccessful login using invalid email and password",
              "fullTitle": "Login Tests Unsuccessful login using invalid email and password",
              "timedOut": null,
              "duration": 7211,
              "state": "passed",
              "speed": "medium",
              "pass": true,
              "fail": false,
              "pending": false,
              "context": null,
              "code": "const randomEmail = 'user' + Math.floor(Math.random() * 10000) + '@example.com';\ncy.login(randomEmail, 'wrongpassword');\ncy.confirmErrorNotification(\"You have entered an incorrect username or password.\");",
              "err": {},
              "uuid": "f000e125-9c6e-4c53-b8d1-5c1a4c7c7f50",
              "parentUUID": "7f7de31b-04da-4fbe-81ac-b2e459dc0a7d",
              "isHook": false,
              "skipped": false
            },
            {
              "title": "Unsuccessful login with empty email",
              "fullTitle": "Login Tests Unsuccessful login with empty email",
              "timedOut": null,
              "duration": 5305,
              "state": "failed",
              "speed": null,
              "pass": false,
              "fail": true,
              "pending": false,
              "context": null,
              "code": "cy.get('#inputEmail').should('have.value', ''); // Verified that the field is empty\ncy.get('#inputPassword').type(Cypress.env(\"password\"));\ncy.get('.login-btn').click();\n//verifies that both email and password are cleared (but no error message is returned)\ncy.get('#inputEmail').should('have.value', '');\ncy.get('#inputPassword').should('have.value', '');",
              "err": {
                "message": "CypressError: `cy.type()` can only accept a string or number. You passed in: `undefined`\n\nhttps://on.cypress.io/type",
                "estack": "CypressError: `cy.type()` can only accept a string or number. You passed in: `undefined`\n\nhttps://on.cypress.io/type\n    at Context.type (https://wave-trial.getbynder.com/__cypress/runner/cypress_runner.js:114388:68)\n    at wrapped (https://wave-trial.getbynder.com/__cypress/runner/cypress_runner.js:138835:19)\n    at <unknown> (https://wave-trial.getbynder.com/__cypress/runner/cypress_runner.js:144762:15)\n    at tryCatcher (https://wave-trial.getbynder.com/__cypress/runner/cypress_runner.js:1777:23)\n    at Promise._settlePromiseFromHandler (https://wave-trial.getbynder.com/__cypress/runner/cypress_runner.js:1489:31)\n    at Promise._settlePromise (https://wave-trial.getbynder.com/__cypress/runner/cypress_runner.js:1546:18)\n    at Promise._settlePromiseCtx (https://wave-trial.getbynder.com/__cypress/runner/cypress_runner.js:1583:10)\n    at _drainQueueStep (https://wave-trial.getbynder.com/__cypress/runner/cypress_runner.js:2381:12)\n    at _drainQueue (https://wave-trial.getbynder.com/__cypress/runner/cypress_runner.js:2370:9)\n    at Async._drainQueues (https://wave-trial.getbynder.com/__cypress/runner/cypress_runner.js:2386:5)\n    at Async.drainQueues (https://wave-trial.getbynder.com/__cypress/runner/cypress_runner.js:2256:14)",
                "diff": null
              },
              "uuid": "5ff0e650-ec3d-42a9-a01e-abd3dffa47a8",
              "parentUUID": "7f7de31b-04da-4fbe-81ac-b2e459dc0a7d",
              "isHook": false,
              "skipped": false
            },
            {
              "title": "Unsuccessful login with empty password",
              "fullTitle": "Login Tests Unsuccessful login with empty password",
              "timedOut": null,
              "duration": 4467,
              "state": "failed",
              "speed": null,
              "pass": false,
              "fail": true,
              "pending": false,
              "context": null,
              "code": "cy.get('#inputEmail').type(Cypress.env(\"email\"));\ncy.get('#inputPassword').should('have.value', '');\ncy.get('.login-btn').click();\n//verifies that both email and password are cleared (but no error message is returned)\ncy.get('#inputEmail').should('have.value', '');\ncy.get('#inputPassword').should('have.value', '');",
              "err": {
                "message": "CypressError: `cy.type()` can only accept a string or number. You passed in: `undefined`\n\nhttps://on.cypress.io/type",
                "estack": "CypressError: `cy.type()` can only accept a string or number. You passed in: `undefined`\n\nhttps://on.cypress.io/type\n    at Context.type (https://wave-trial.getbynder.com/__cypress/runner/cypress_runner.js:114388:68)\n    at wrapped (https://wave-trial.getbynder.com/__cypress/runner/cypress_runner.js:138835:19)\n    at <unknown> (https://wave-trial.getbynder.com/__cypress/runner/cypress_runner.js:144762:15)\n    at tryCatcher (https://wave-trial.getbynder.com/__cypress/runner/cypress_runner.js:1777:23)\n    at Promise._settlePromiseFromHandler (https://wave-trial.getbynder.com/__cypress/runner/cypress_runner.js:1489:31)\n    at Promise._settlePromise (https://wave-trial.getbynder.com/__cypress/runner/cypress_runner.js:1546:18)\n    at Promise._settlePromiseCtx (https://wave-trial.getbynder.com/__cypress/runner/cypress_runner.js:1583:10)\n    at _drainQueueStep (https://wave-trial.getbynder.com/__cypress/runner/cypress_runner.js:2381:12)\n    at _drainQueue (https://wave-trial.getbynder.com/__cypress/runner/cypress_runner.js:2370:9)\n    at Async._drainQueues (https://wave-trial.getbynder.com/__cypress/runner/cypress_runner.js:2386:5)\n    at Async.drainQueues (https://wave-trial.getbynder.com/__cypress/runner/cypress_runner.js:2256:14)",
                "diff": null
              },
              "uuid": "3817fd80-bd28-463b-8df8-607924fecd50",
              "parentUUID": "7f7de31b-04da-4fbe-81ac-b2e459dc0a7d",
              "isHook": false,
              "skipped": false
            }
          ],
          "suites": [],
          "passes": [
            "f000e125-9c6e-4c53-b8d1-5c1a4c7c7f50"
          ],
          "failures": [
            "a818f837-6b95-4965-b209-bf178052ab98",
            "96cb75a3-0a51-43c6-873a-b486d959eaeb",
            "5ff0e650-ec3d-42a9-a01e-abd3dffa47a8",
            "3817fd80-bd28-463b-8df8-607924fecd50"
          ],
          "pending": [],
          "skipped": [],
          "duration": 26308,
          "root": false,
          "rootEmpty": false,
          "_timeout": 2000
        }
      ],
      "passes": [],
      "failures": [],
      "pending": [],
      "skipped": [],
      "duration": 0,
      "root": true,
      "rootEmpty": true,
      "_timeout": 2000
    }
  ],
  "meta": {
    "mocha": {
      "version": "7.0.1"
    },
    "mochawesome": {
      "options": {
        "quiet": false,
        "reportFilename": "mochawesome",
        "saveHtml": true,
        "saveJson": true,
        "consoleReporter": "spec",
        "useInlineDiffs": false,
        "code": true
      },
      "version": "7.1.3"
    },
    "marge": {
      "options": {
        "reportDir": "cypress/reports",
        "overwrite": false,
        "html": true,
        "json": true
      },
      "version": "6.2.0"
    }
  }
}