{
  "stats": {
    "suites": 1,
    "tests": 1,
    "passes": 0,
    "pending": 0,
    "failures": 1,
    "start": "2025-03-12T08:50:20.978Z",
    "end": "2025-03-12T08:50:32.663Z",
    "duration": 11685,
    "testsRegistered": 1,
    "passPercent": 0,
    "pendingPercent": 0,
    "other": 0,
    "hasOther": false,
    "skipped": 0,
    "hasSkipped": false
  },
  "results": [
    {
      "uuid": "8db4e9b5-01ee-4a78-b084-47a20507922a",
      "title": "",
      "fullFile": "cypress\\e2e\\UI\\authentication\\logout.spec.js",
      "file": "cypress\\e2e\\UI\\authentication\\logout.spec.js",
      "beforeHooks": [],
      "afterHooks": [],
      "tests": [],
      "suites": [
        {
          "uuid": "6f4eaa33-ef10-425c-bfd4-489b886a2cb7",
          "title": "Logout Tests",
          "fullFile": "",
          "file": "",
          "beforeHooks": [],
          "afterHooks": [],
          "tests": [
            {
              "title": "Successful logout",
              "fullTitle": "Logout Tests Successful logout",
              "timedOut": null,
              "duration": 11643,
              "state": "failed",
              "speed": null,
              "pass": false,
              "fail": true,
              "pending": false,
              "context": null,
              "code": "cy.login(Cypress.env(\"email\"), Cypress.env(\"password\"));\ncy.loginConfirmation();\n//to be reviewed: hidden element interaction\ncy.get('.profile').should('be.visible').trigger('mouseover');\ncy.contains('button', 'Logout').click({\n  force: true\n});\n//confirm logout successful\ncy.logoutConfirmation();",
              "err": {
                "message": "AssertionError: Timed out retrying after 4000ms: expected 'https://wave-trial.getbynder.com/account/dashboard/' to include '/login/'",
                "estack": "AssertionError: Timed out retrying after 4000ms: expected 'https://wave-trial.getbynder.com/account/dashboard/' to include '/login/'\n    at Context.eval (webpack://cy-automation-web/./cypress/support/commands.js:18:13)\n    at wrapped (https://wave-trial.getbynder.com/__cypress/runner/cypress_runner.js:138827:43)",
                "diff": null
              },
              "uuid": "451c4357-1eea-429d-a8ce-ce824400dfbb",
              "parentUUID": "6f4eaa33-ef10-425c-bfd4-489b886a2cb7",
              "isHook": false,
              "skipped": false
            }
          ],
          "suites": [],
          "passes": [],
          "failures": [
            "451c4357-1eea-429d-a8ce-ce824400dfbb"
          ],
          "pending": [],
          "skipped": [],
          "duration": 11643,
          "root": false,
          "rootEmpty": false,
          "_timeout": 2000
        }
      ],
      "passes": [],
      "failures": [],
      "pending": [],
      "skipped": [],
      "duration": 0,
      "root": true,
      "rootEmpty": true,
      "_timeout": 2000
    }
  ],
  "meta": {
    "mocha": {
      "version": "7.0.1"
    },
    "mochawesome": {
      "options": {
        "quiet": false,
        "reportFilename": "mochawesome",
        "saveHtml": true,
        "saveJson": true,
        "consoleReporter": "spec",
        "useInlineDiffs": false,
        "code": true
      },
      "version": "7.1.3"
    },
    "marge": {
      "options": {
        "reportDir": "cypress/reports",
        "overwrite": false,
        "html": true,
        "json": true
      },
      "version": "6.2.0"
    }
  }
}