{
  "stats": {
    "suites": 1,
    "tests": 5,
    "passes": 5,
    "pending": 0,
    "failures": 0,
    "start": "2025-03-12T09:04:53.505Z",
    "end": "2025-03-12T09:05:09.736Z",
    "duration": 16231,
    "testsRegistered": 5,
    "passPercent": 100,
    "pendingPercent": 0,
    "other": 0,
    "hasOther": false,
    "skipped": 0,
    "hasSkipped": false
  },
  "results": [
    {
      "uuid": "898db033-b9d6-444f-84b3-4dff298c7066",
      "title": "",
      "fullFile": "cypress\\e2e\\UI\\authentication\\login.spec.js",
      "file": "cypress\\e2e\\UI\\authentication\\login.spec.js",
      "beforeHooks": [],
      "afterHooks": [],
      "tests": [],
      "suites": [
        {
          "uuid": "0a4de0cf-4fb1-4135-9759-323d57ff4f04",
          "title": "Login Tests",
          "fullFile": "",
          "file": "",
          "beforeHooks": [],
          "afterHooks": [],
          "tests": [
            {
              "title": "Successful login using valid credentials",
              "fullTitle": "Login Tests Successful login using valid credentials",
              "timedOut": null,
              "duration": 6515,
              "state": "passed",
              "speed": "medium",
              "pass": true,
              "fail": false,
              "pending": false,
              "context": null,
              "code": "cy.login(Cypress.env(\"email\"), Cypress.env(\"password\"));\ncy.loginConfirmation();",
              "err": {},
              "uuid": "4551c644-5153-4bfc-94b0-24ce7deb7a3a",
              "parentUUID": "0a4de0cf-4fb1-4135-9759-323d57ff4f04",
              "isHook": false,
              "skipped": false
            },
            {
              "title": "Unsuccessful login using valid email and invalid password",
              "fullTitle": "Login Tests Unsuccessful login using valid email and invalid password",
              "timedOut": null,
              "duration": 3352,
              "state": "passed",
              "speed": "fast",
              "pass": true,
              "fail": false,
              "pending": false,
              "context": null,
              "code": "cy.login(Cypress.env(\"email\"), 'wrongpassword');\ncy.confirmErrorNotification(\"You have entered an incorrect username or password.\");",
              "err": {},
              "uuid": "b45c480a-cacd-4c05-a02b-631984fd189f",
              "parentUUID": "0a4de0cf-4fb1-4135-9759-323d57ff4f04",
              "isHook": false,
              "skipped": false
            },
            {
              "title": "Unsuccessful login using invalid email and password",
              "fullTitle": "Login Tests Unsuccessful login using invalid email and password",
              "timedOut": null,
              "duration": 2615,
              "state": "passed",
              "speed": "fast",
              "pass": true,
              "fail": false,
              "pending": false,
              "context": null,
              "code": "const randomEmail = 'user' + Math.floor(Math.random() * 10000) + '@example.com';\ncy.login(randomEmail, 'wrongpassword');\ncy.confirmErrorNotification(\"You have entered an incorrect username or password.\");",
              "err": {},
              "uuid": "28e101a5-89c7-4de0-8f4f-970cc9a3854e",
              "parentUUID": "0a4de0cf-4fb1-4135-9759-323d57ff4f04",
              "isHook": false,
              "skipped": false
            },
            {
              "title": "Unsuccessful login with empty email",
              "fullTitle": "Login Tests Unsuccessful login with empty email",
              "timedOut": null,
              "duration": 1527,
              "state": "passed",
              "speed": "fast",
              "pass": true,
              "fail": false,
              "pending": false,
              "context": null,
              "code": "cy.get('#inputEmail').should('have.value', ''); // Verified that the field is empty\ncy.get('#inputPassword').type(Cypress.env(\"password\"));\ncy.get('.login-btn').click();\n//verifies that both email and password are cleared (but no error message is returned)\ncy.get('#inputEmail').should('have.value', '');\ncy.get('#inputPassword').should('have.value', '');",
              "err": {},
              "uuid": "d08726a5-506f-4459-bb6c-0b3374a9c35b",
              "parentUUID": "0a4de0cf-4fb1-4135-9759-323d57ff4f04",
              "isHook": false,
              "skipped": false
            },
            {
              "title": "Unsuccessful login with empty password",
              "fullTitle": "Login Tests Unsuccessful login with empty password",
              "timedOut": null,
              "duration": 1923,
              "state": "passed",
              "speed": "fast",
              "pass": true,
              "fail": false,
              "pending": false,
              "context": null,
              "code": "cy.get('#inputEmail').type(Cypress.env(\"email\"));\ncy.get('#inputPassword').should('have.value', '');\ncy.get('.login-btn').click();\n//verifies that both email and password are cleared (but no error message is returned)\ncy.get('#inputEmail').should('have.value', '');\ncy.get('#inputPassword').should('have.value', '');",
              "err": {},
              "uuid": "77d548c6-f469-4f9b-afec-de4e8f656172",
              "parentUUID": "0a4de0cf-4fb1-4135-9759-323d57ff4f04",
              "isHook": false,
              "skipped": false
            }
          ],
          "suites": [],
          "passes": [
            "4551c644-5153-4bfc-94b0-24ce7deb7a3a",
            "b45c480a-cacd-4c05-a02b-631984fd189f",
            "28e101a5-89c7-4de0-8f4f-970cc9a3854e",
            "d08726a5-506f-4459-bb6c-0b3374a9c35b",
            "77d548c6-f469-4f9b-afec-de4e8f656172"
          ],
          "failures": [],
          "pending": [],
          "skipped": [],
          "duration": 15932,
          "root": false,
          "rootEmpty": false,
          "_timeout": 2000
        }
      ],
      "passes": [],
      "failures": [],
      "pending": [],
      "skipped": [],
      "duration": 0,
      "root": true,
      "rootEmpty": true,
      "_timeout": 2000
    }
  ],
  "meta": {
    "mocha": {
      "version": "7.0.1"
    },
    "mochawesome": {
      "options": {
        "quiet": false,
        "reportFilename": "mochawesome",
        "saveHtml": true,
        "saveJson": true,
        "consoleReporter": "spec",
        "useInlineDiffs": false,
        "code": true
      },
      "version": "7.1.3"
    },
    "marge": {
      "options": {
        "reportDir": "cypress/reports",
        "overwrite": false,
        "html": true,
        "json": true
      },
      "version": "6.2.0"
    }
  }
}