{
  "stats": {
    "suites": 1,
    "tests": 1,
    "passes": 0,
    "pending": 0,
    "failures": 1,
    "start": "2025-03-12T08:45:01.498Z",
    "end": "2025-03-12T08:45:14.131Z",
    "duration": 12633,
    "testsRegistered": 1,
    "passPercent": 0,
    "pendingPercent": 0,
    "other": 0,
    "hasOther": false,
    "skipped": 0,
    "hasSkipped": false
  },
  "results": [
    {
      "uuid": "b119ec5f-892d-4442-acea-ab427c6e2cb5",
      "title": "",
      "fullFile": "cypress\\e2e\\UI\\authentication\\logout.spec.js",
      "file": "cypress\\e2e\\UI\\authentication\\logout.spec.js",
      "beforeHooks": [],
      "afterHooks": [],
      "tests": [],
      "suites": [
        {
          "uuid": "32c2a37e-d4ad-4b81-81b9-9f7310301eff",
          "title": "Logout Tests",
          "fullFile": "",
          "file": "",
          "beforeHooks": [],
          "afterHooks": [],
          "tests": [
            {
              "title": "Successful logout",
              "fullTitle": "Logout Tests Successful logout",
              "timedOut": null,
              "duration": 12587,
              "state": "failed",
              "speed": null,
              "pass": false,
              "fail": true,
              "pending": false,
              "context": null,
              "code": "cy.login(Cypress.env(\"email\"), Cypress.env(\"password\"));\ncy.loginConfirmation();\n//to be reviewed: hidden element interaction\ncy.get('.profile').should('be.visible').trigger('mouseover');\ncy.contains('button', 'Logout').click({\n  force: true\n});\n//confirm logout successful\ncy.logoutConfirmation();",
              "err": {
                "message": "AssertionError: Timed out retrying after 4000ms: expected '<a.admin-dropdown.profile>' to be 'visible'\n\nThis element `<a.admin-dropdown.profile>` is not visible because its parent `<div.sc-cbelXg.coTDrE>` has CSS property: `opacity: 0`",
                "estack": "AssertionError: Timed out retrying after 4000ms: expected '<a.admin-dropdown.profile>' to be 'visible'\n\nThis element `<a.admin-dropdown.profile>` is not visible because its parent `<div.sc-cbelXg.coTDrE>` has CSS property: `opacity: 0`\n    at Context.eval (webpack://cy-automation-web/./cypress/e2e/UI/authentication/logout.spec.js:7:27)",
                "diff": null
              },
              "uuid": "e202a07f-851f-4242-ab33-91bf21703e69",
              "parentUUID": "32c2a37e-d4ad-4b81-81b9-9f7310301eff",
              "isHook": false,
              "skipped": false
            }
          ],
          "suites": [],
          "passes": [],
          "failures": [
            "e202a07f-851f-4242-ab33-91bf21703e69"
          ],
          "pending": [],
          "skipped": [],
          "duration": 12587,
          "root": false,
          "rootEmpty": false,
          "_timeout": 2000
        }
      ],
      "passes": [],
      "failures": [],
      "pending": [],
      "skipped": [],
      "duration": 0,
      "root": true,
      "rootEmpty": true,
      "_timeout": 2000
    }
  ],
  "meta": {
    "mocha": {
      "version": "7.0.1"
    },
    "mochawesome": {
      "options": {
        "quiet": false,
        "reportFilename": "mochawesome",
        "saveHtml": true,
        "saveJson": true,
        "consoleReporter": "spec",
        "useInlineDiffs": false,
        "code": true
      },
      "version": "7.1.3"
    },
    "marge": {
      "options": {
        "reportDir": "cypress/reports",
        "overwrite": false,
        "html": true,
        "json": true
      },
      "version": "6.2.0"
    }
  }
}