{
  "stats": {
    "suites": 1,
    "tests": 5,
    "passes": 5,
    "pending": 0,
    "failures": 0,
    "start": "2025-03-12T08:51:09.392Z",
    "end": "2025-03-12T08:51:24.758Z",
    "duration": 15366,
    "testsRegistered": 5,
    "passPercent": 100,
    "pendingPercent": 0,
    "other": 0,
    "hasOther": false,
    "skipped": 0,
    "hasSkipped": false
  },
  "results": [
    {
      "uuid": "6f05794e-1a2c-4c85-9154-c7134da6fabb",
      "title": "",
      "fullFile": "cypress\\e2e\\UI\\authentication\\login.spec.js",
      "file": "cypress\\e2e\\UI\\authentication\\login.spec.js",
      "beforeHooks": [],
      "afterHooks": [],
      "tests": [],
      "suites": [
        {
          "uuid": "c7509850-1013-4add-be09-c0dabf90d567",
          "title": "Login Tests",
          "fullFile": "",
          "file": "",
          "beforeHooks": [],
          "afterHooks": [],
          "tests": [
            {
              "title": "Successful login using valid credentials",
              "fullTitle": "Login Tests Successful login using valid credentials",
              "timedOut": null,
              "duration": 6145,
              "state": "passed",
              "speed": "medium",
              "pass": true,
              "fail": false,
              "pending": false,
              "context": null,
              "code": "cy.login(Cypress.env(\"email\"), Cypress.env(\"password\"));\ncy.loginConfirmation();",
              "err": {},
              "uuid": "555175db-e273-4efc-b1d8-833677e4d1d4",
              "parentUUID": "c7509850-1013-4add-be09-c0dabf90d567",
              "isHook": false,
              "skipped": false
            },
            {
              "title": "Unsuccessful login using valid email and invalid password",
              "fullTitle": "Login Tests Unsuccessful login using valid email and invalid password",
              "timedOut": null,
              "duration": 3255,
              "state": "passed",
              "speed": "fast",
              "pass": true,
              "fail": false,
              "pending": false,
              "context": null,
              "code": "cy.login(Cypress.env(\"email\"), 'wrongpassword');\ncy.confirmErrorNotification(\"You have entered an incorrect username or password.\");",
              "err": {},
              "uuid": "0e056854-88ef-4068-b89b-c66a4d24d27b",
              "parentUUID": "c7509850-1013-4add-be09-c0dabf90d567",
              "isHook": false,
              "skipped": false
            },
            {
              "title": "Unsuccessful login using invalid email and password",
              "fullTitle": "Login Tests Unsuccessful login using invalid email and password",
              "timedOut": null,
              "duration": 2226,
              "state": "passed",
              "speed": "fast",
              "pass": true,
              "fail": false,
              "pending": false,
              "context": null,
              "code": "const randomEmail = 'user' + Math.floor(Math.random() * 10000) + '@example.com';\ncy.login(randomEmail, 'wrongpassword');\ncy.confirmErrorNotification(\"You have entered an incorrect username or password.\");",
              "err": {},
              "uuid": "8ec32e82-59ac-4a17-a4f2-4da2b5b7dc90",
              "parentUUID": "c7509850-1013-4add-be09-c0dabf90d567",
              "isHook": false,
              "skipped": false
            },
            {
              "title": "Unsuccessful login with empty email",
              "fullTitle": "Login Tests Unsuccessful login with empty email",
              "timedOut": null,
              "duration": 1500,
              "state": "passed",
              "speed": "fast",
              "pass": true,
              "fail": false,
              "pending": false,
              "context": null,
              "code": "cy.get('#inputEmail').should('have.value', ''); // Verified that the field is empty\ncy.get('#inputPassword').type(Cypress.env(\"password\"));\ncy.get('.login-btn').click();\n//verifies that both email and password are cleared (but no error message is returned)\ncy.get('#inputEmail').should('have.value', '');\ncy.get('#inputPassword').should('have.value', '');",
              "err": {},
              "uuid": "67a18f00-e864-43df-b2e5-5a7d47322902",
              "parentUUID": "c7509850-1013-4add-be09-c0dabf90d567",
              "isHook": false,
              "skipped": false
            },
            {
              "title": "Unsuccessful login with empty password",
              "fullTitle": "Login Tests Unsuccessful login with empty password",
              "timedOut": null,
              "duration": 1957,
              "state": "passed",
              "speed": "fast",
              "pass": true,
              "fail": false,
              "pending": false,
              "context": null,
              "code": "cy.get('#inputEmail').type(Cypress.env(\"email\"));\ncy.get('#inputPassword').should('have.value', '');\ncy.get('.login-btn').click();\n//verifies that both email and password are cleared (but no error message is returned)\ncy.get('#inputEmail').should('have.value', '');\ncy.get('#inputPassword').should('have.value', '');",
              "err": {},
              "uuid": "4b3f1b54-8d1f-40d1-95cd-b133397a5a35",
              "parentUUID": "c7509850-1013-4add-be09-c0dabf90d567",
              "isHook": false,
              "skipped": false
            }
          ],
          "suites": [],
          "passes": [
            "555175db-e273-4efc-b1d8-833677e4d1d4",
            "0e056854-88ef-4068-b89b-c66a4d24d27b",
            "8ec32e82-59ac-4a17-a4f2-4da2b5b7dc90",
            "67a18f00-e864-43df-b2e5-5a7d47322902",
            "4b3f1b54-8d1f-40d1-95cd-b133397a5a35"
          ],
          "failures": [],
          "pending": [],
          "skipped": [],
          "duration": 15083,
          "root": false,
          "rootEmpty": false,
          "_timeout": 2000
        }
      ],
      "passes": [],
      "failures": [],
      "pending": [],
      "skipped": [],
      "duration": 0,
      "root": true,
      "rootEmpty": true,
      "_timeout": 2000
    }
  ],
  "meta": {
    "mocha": {
      "version": "7.0.1"
    },
    "mochawesome": {
      "options": {
        "quiet": false,
        "reportFilename": "mochawesome",
        "saveHtml": true,
        "saveJson": true,
        "consoleReporter": "spec",
        "useInlineDiffs": false,
        "code": true
      },
      "version": "7.1.3"
    },
    "marge": {
      "options": {
        "reportDir": "cypress/reports",
        "overwrite": false,
        "html": true,
        "json": true
      },
      "version": "6.2.0"
    }
  }
}