{
  "stats": {
    "suites": 1,
    "tests": 1,
    "passes": 1,
    "pending": 0,
    "failures": 0,
    "start": "2025-03-12T14:52:39.687Z",
    "end": "2025-03-12T14:52:47.508Z",
    "duration": 7821,
    "testsRegistered": 1,
    "passPercent": 100,
    "pendingPercent": 0,
    "other": 0,
    "hasOther": false,
    "skipped": 0,
    "hasSkipped": false
  },
  "results": [
    {
      "uuid": "a5347c77-b561-45a4-ae61-32125f942425",
      "title": "",
      "fullFile": "cypress\\e2e\\UI\\authentication\\logout.spec.js",
      "file": "cypress\\e2e\\UI\\authentication\\logout.spec.js",
      "beforeHooks": [],
      "afterHooks": [],
      "tests": [],
      "suites": [
        {
          "uuid": "4fe2f282-7374-4fd5-b9c6-28a56ac4c124",
          "title": "Logout Tests",
          "fullFile": "",
          "file": "",
          "beforeHooks": [],
          "afterHooks": [],
          "tests": [
            {
              "title": "Successful logout",
              "fullTitle": "Logout Tests Successful logout",
              "timedOut": null,
              "duration": 7753,
              "state": "passed",
              "speed": "medium",
              "pass": true,
              "fail": false,
              "pending": false,
              "context": null,
              "code": "cy.login(Cypress.env(\"email\"), Cypress.env(\"password\"));\ncy.loginConfirmation();\n//to be reviewed: hidden element interaction\ncy.get('.profile', {\n  timeout: 10000\n}).should('be.visible').trigger('mouseover');\ncy.contains('button', 'Logout').click({\n  force: true\n});\n//confirm logout successful\ncy.logoutConfirmation();",
              "err": {},
              "uuid": "ec7e22ec-ba3d-4c75-abea-ec32e742decc",
              "parentUUID": "4fe2f282-7374-4fd5-b9c6-28a56ac4c124",
              "isHook": false,
              "skipped": false
            }
          ],
          "suites": [],
          "passes": [
            "ec7e22ec-ba3d-4c75-abea-ec32e742decc"
          ],
          "failures": [],
          "pending": [],
          "skipped": [],
          "duration": 7753,
          "root": false,
          "rootEmpty": false,
          "_timeout": 2000
        }
      ],
      "passes": [],
      "failures": [],
      "pending": [],
      "skipped": [],
      "duration": 0,
      "root": true,
      "rootEmpty": true,
      "_timeout": 2000
    }
  ],
  "meta": {
    "mocha": {
      "version": "7.0.1"
    },
    "mochawesome": {
      "options": {
        "quiet": false,
        "reportFilename": "mochawesome",
        "saveHtml": true,
        "saveJson": true,
        "consoleReporter": "spec",
        "useInlineDiffs": false,
        "code": true
      },
      "version": "7.1.3"
    },
    "marge": {
      "options": {
        "reportDir": "cypress/reports",
        "overwrite": false,
        "html": true,
        "json": true
      },
      "version": "6.2.0"
    }
  }
}