{
  "stats": {
    "suites": 1,
    "tests": 5,
    "passes": 3,
    "pending": 0,
    "failures": 2,
    "start": "2025-03-12T13:13:27.815Z",
    "end": "2025-03-12T13:14:10.251Z",
    "duration": 42436,
    "testsRegistered": 5,
    "passPercent": 60,
    "pendingPercent": 0,
    "other": 0,
    "hasOther": false,
    "skipped": 0,
    "hasSkipped": false
  },
  "results": [
    {
      "uuid": "922db454-8dfe-400a-bd48-488b990acb2c",
      "title": "",
      "fullFile": "cypress\\e2e\\UI\\authentication\\login.spec.js",
      "file": "cypress\\e2e\\UI\\authentication\\login.spec.js",
      "beforeHooks": [],
      "afterHooks": [],
      "tests": [],
      "suites": [
        {
          "uuid": "5d7a8217-6fe5-4bcb-bf14-94d50ff938c5",
          "title": "Login Tests",
          "fullFile": "",
          "file": "",
          "beforeHooks": [],
          "afterHooks": [],
          "tests": [
            {
              "title": "Successful login using valid credentials",
              "fullTitle": "Login Tests Successful login using valid credentials",
              "timedOut": null,
              "duration": 10944,
              "state": "failed",
              "speed": null,
              "pass": false,
              "fail": true,
              "pending": false,
              "context": null,
              "code": "cy.login(Cypress.env(\"email\"), Cypress.env(\"password\"));\ncy.loginConfirmation();",
              "err": {
                "message": "AssertionError: Timed out retrying after 4000ms: expected 'https://wave-trial.getbynder.com/verify/' to include '/account/dashboard/'",
                "estack": "AssertionError: Timed out retrying after 4000ms: expected 'https://wave-trial.getbynder.com/verify/' to include '/account/dashboard/'\n    at Context.eval (webpack://cy-automation-web/./cypress/support/commands.js:13:11)\n    at wrapped (https://wave-trial.getbynder.com/__cypress/runner/cypress_runner.js:138827:43)",
                "diff": null
              },
              "uuid": "7842a1eb-a402-4db3-8371-cf8eefb144da",
              "parentUUID": "5d7a8217-6fe5-4bcb-bf14-94d50ff938c5",
              "isHook": false,
              "skipped": false
            },
            {
              "title": "Unsuccessful login using valid email and invalid password",
              "fullTitle": "Login Tests Unsuccessful login using valid email and invalid password",
              "timedOut": null,
              "duration": 11113,
              "state": "failed",
              "speed": null,
              "pass": false,
              "fail": true,
              "pending": false,
              "context": null,
              "code": "cy.login(Cypress.env(\"email\"), 'wrongpassword');\ncy.confirmErrorNotification(\"You have entered an incorrect username or password.\");",
              "err": {
                "message": "AssertionError: Timed out retrying after 4000ms: Expected to find element: `.update.error`, but never found it.",
                "estack": "AssertionError: Timed out retrying after 4000ms: Expected to find element: `.update.error`, but never found it.\n    at Context.eval (webpack://cy-automation-web/./cypress/support/commands.js:25:5)\n    at wrapped (https://wave-trial.getbynder.com/__cypress/runner/cypress_runner.js:138827:43)",
                "diff": null
              },
              "uuid": "af17c79c-5156-42f8-9410-c1bd208303cb",
              "parentUUID": "5d7a8217-6fe5-4bcb-bf14-94d50ff938c5",
              "isHook": false,
              "skipped": false
            },
            {
              "title": "Unsuccessful login using invalid email and password",
              "fullTitle": "Login Tests Unsuccessful login using invalid email and password",
              "timedOut": null,
              "duration": 8223,
              "state": "passed",
              "speed": "medium",
              "pass": true,
              "fail": false,
              "pending": false,
              "context": null,
              "code": "const randomEmail = 'user' + Math.floor(Math.random() * 10000) + '@example.com';\ncy.login(randomEmail, 'wrongpassword');\ncy.confirmErrorNotification(\"You have entered an incorrect username or password.\");",
              "err": {},
              "uuid": "80311f5d-54c4-451d-9a74-44d850734b53",
              "parentUUID": "5d7a8217-6fe5-4bcb-bf14-94d50ff938c5",
              "isHook": false,
              "skipped": false
            },
            {
              "title": "Unsuccessful login with empty email",
              "fullTitle": "Login Tests Unsuccessful login with empty email",
              "timedOut": null,
              "duration": 5597,
              "state": "passed",
              "speed": "medium",
              "pass": true,
              "fail": false,
              "pending": false,
              "context": null,
              "code": "cy.get('#inputEmail').should('have.value', ''); // Verified that the field is empty\ncy.get('#inputPassword').type(Cypress.env(\"password\"));\ncy.get('.login-btn').click();\n//verifies that both email and password are cleared (but no error message is returned)\ncy.get('#inputEmail').should('have.value', '');\ncy.get('#inputPassword').should('have.value', '');",
              "err": {},
              "uuid": "65d91fb0-7178-45b6-bfa8-524f6d7a068c",
              "parentUUID": "5d7a8217-6fe5-4bcb-bf14-94d50ff938c5",
              "isHook": false,
              "skipped": false
            },
            {
              "title": "Unsuccessful login with empty password",
              "fullTitle": "Login Tests Unsuccessful login with empty password",
              "timedOut": null,
              "duration": 6271,
              "state": "passed",
              "speed": "medium",
              "pass": true,
              "fail": false,
              "pending": false,
              "context": null,
              "code": "cy.get('#inputEmail').type(Cypress.env(\"email\"));\ncy.get('#inputPassword').should('have.value', '');\ncy.get('.login-btn').click();\n//verifies that both email and password are cleared (but no error message is returned)\ncy.get('#inputEmail').should('have.value', '');\ncy.get('#inputPassword').should('have.value', '');",
              "err": {},
              "uuid": "70a39bbf-dfec-49cb-b211-e9868d5c58bd",
              "parentUUID": "5d7a8217-6fe5-4bcb-bf14-94d50ff938c5",
              "isHook": false,
              "skipped": false
            }
          ],
          "suites": [],
          "passes": [
            "80311f5d-54c4-451d-9a74-44d850734b53",
            "65d91fb0-7178-45b6-bfa8-524f6d7a068c",
            "70a39bbf-dfec-49cb-b211-e9868d5c58bd"
          ],
          "failures": [
            "7842a1eb-a402-4db3-8371-cf8eefb144da",
            "af17c79c-5156-42f8-9410-c1bd208303cb"
          ],
          "pending": [],
          "skipped": [],
          "duration": 42148,
          "root": false,
          "rootEmpty": false,
          "_timeout": 2000
        }
      ],
      "passes": [],
      "failures": [],
      "pending": [],
      "skipped": [],
      "duration": 0,
      "root": true,
      "rootEmpty": true,
      "_timeout": 2000
    }
  ],
  "meta": {
    "mocha": {
      "version": "7.0.1"
    },
    "mochawesome": {
      "options": {
        "quiet": false,
        "reportFilename": "mochawesome",
        "saveHtml": true,
        "saveJson": true,
        "consoleReporter": "spec",
        "useInlineDiffs": false,
        "code": true
      },
      "version": "7.1.3"
    },
    "marge": {
      "options": {
        "reportDir": "cypress/reports",
        "overwrite": false,
        "html": true,
        "json": true
      },
      "version": "6.2.0"
    }
  }
}