{
  "stats": {
    "suites": 1,
    "tests": 1,
    "passes": 0,
    "pending": 0,
    "failures": 1,
    "start": "2025-03-12T13:14:12.016Z",
    "end": "2025-03-12T13:14:23.415Z",
    "duration": 11399,
    "testsRegistered": 1,
    "passPercent": 0,
    "pendingPercent": 0,
    "other": 0,
    "hasOther": false,
    "skipped": 0,
    "hasSkipped": false
  },
  "results": [
    {
      "uuid": "eb9feea5-5e26-4944-89ba-ed61bda2b27f",
      "title": "",
      "fullFile": "cypress\\e2e\\UI\\authentication\\logout.spec.js",
      "file": "cypress\\e2e\\UI\\authentication\\logout.spec.js",
      "beforeHooks": [],
      "afterHooks": [],
      "tests": [],
      "suites": [
        {
          "uuid": "ef9992dd-3a84-45ce-92ee-67ba158179b5",
          "title": "Logout Tests",
          "fullFile": "",
          "file": "",
          "beforeHooks": [],
          "afterHooks": [],
          "tests": [
            {
              "title": "Successful logout",
              "fullTitle": "Logout Tests Successful logout",
              "timedOut": null,
              "duration": 11361,
              "state": "failed",
              "speed": null,
              "pass": false,
              "fail": true,
              "pending": false,
              "context": null,
              "code": "cy.login(Cypress.env(\"email\"), Cypress.env(\"password\"));\ncy.loginConfirmation();\n//to be reviewed: hidden element interaction\ncy.get('.profile', {\n  timeout: 10000\n}).should('be.visible').trigger('mouseover');\ncy.contains('button', 'Logout').click({\n  force: true\n});\n//confirm logout successful\ncy.logoutConfirmation();",
              "err": {
                "message": "AssertionError: Timed out retrying after 4000ms: expected 'https://wave-trial.getbynder.com/verify/' to include '/account/dashboard/'",
                "estack": "AssertionError: Timed out retrying after 4000ms: expected 'https://wave-trial.getbynder.com/verify/' to include '/account/dashboard/'\n    at Context.eval (webpack://cy-automation-web/./cypress/support/commands.js:13:11)\n    at wrapped (https://wave-trial.getbynder.com/__cypress/runner/cypress_runner.js:138827:43)",
                "diff": null
              },
              "uuid": "487da127-02f8-4648-a9f4-07ccc329162e",
              "parentUUID": "ef9992dd-3a84-45ce-92ee-67ba158179b5",
              "isHook": false,
              "skipped": false
            }
          ],
          "suites": [],
          "passes": [],
          "failures": [
            "487da127-02f8-4648-a9f4-07ccc329162e"
          ],
          "pending": [],
          "skipped": [],
          "duration": 11361,
          "root": false,
          "rootEmpty": false,
          "_timeout": 2000
        }
      ],
      "passes": [],
      "failures": [],
      "pending": [],
      "skipped": [],
      "duration": 0,
      "root": true,
      "rootEmpty": true,
      "_timeout": 2000
    }
  ],
  "meta": {
    "mocha": {
      "version": "7.0.1"
    },
    "mochawesome": {
      "options": {
        "quiet": false,
        "reportFilename": "mochawesome",
        "saveHtml": true,
        "saveJson": true,
        "consoleReporter": "spec",
        "useInlineDiffs": false,
        "code": true
      },
      "version": "7.1.3"
    },
    "marge": {
      "options": {
        "reportDir": "cypress/reports",
        "overwrite": false,
        "html": true,
        "json": true
      },
      "version": "6.2.0"
    }
  }
}